This is pdfTeX, Version 3.141592653-2.6-1.40.22 (TeX Live 2022/dev/Debian) (preloaded format=pdflatex 2025.9.24)  1 APR 2026 22:53
entering extended mode
 restricted \write18 enabled.
 %&-line parsing enabled.
**biological_science_workspace/supplementary_materials_v2.tex
(./biological_science_workspace/supplementary_materials_v2.tex
LaTeX2e <2021-11-15> patch level 1
L3 programming layer <2022-01-21>
(/usr/share/texlive/texmf-dist/tex/latex/base/article.cls
Document Class: article 2021/10/04 v1.4n Standard LaTeX document class
(/usr/share/texlive/texmf-dist/tex/latex/base/size10.clo
File: size10.clo 2021/10/04 v1.4n Standard LaTeX file (size option)
)
\c@part=\count185
\c@section=\count186
\c@subsection=\count187
\c@subsubsection=\count188
\c@paragraph=\count189
\c@subparagraph=\count190
\c@figure=\count191
\c@table=\count192
\abovecaptionskip=\skip47
\belowcaptionskip=\skip48
\bibindent=\dimen138
)
(/usr/share/texlive/texmf-dist/tex/latex/geometry/geometry.sty
Package: geometry 2020/01/02 v5.9 Page Geometry

(/usr/share/texlive/texmf-dist/tex/latex/graphics/keyval.sty
Package: keyval 2014/10/28 v1.15 key=value parser (DPC)
\KV@toks@=\toks16
)
(/usr/share/texlive/texmf-dist/tex/generic/iftex/ifvtex.sty
Package: ifvtex 2019/10/25 v1.7 ifvtex legacy package. Use iftex instead.

(/usr/share/texlive/texmf-dist/tex/generic/iftex/iftex.sty
Package: iftex 2020/03/06 v1.0d TeX engine tests
))
\Gm@cnth=\count193
\Gm@cntv=\count194
\c@Gm@tempcnt=\count195
\Gm@bindingoffset=\dimen139
\Gm@wd@mp=\dimen140
\Gm@odd@mp=\dimen141
\Gm@even@mp=\dimen142
\Gm@layoutwidth=\dimen143
\Gm@layoutheight=\dimen144
\Gm@layouthoffset=\dimen145
\Gm@layoutvoffset=\dimen146
\Gm@dimlist=\toks17
)
(/usr/share/texlive/texmf-dist/tex/latex/amsmath/amsmath.sty
Package: amsmath 2021/10/15 v2.17l AMS math features
\@mathmargin=\skip49

For additional information on amsmath, use the `?' option.
(/usr/share/texlive/texmf-dist/tex/latex/amsmath/amstext.sty
Package: amstext 2021/08/26 v2.01 AMS text

(/usr/share/texlive/texmf-dist/tex/latex/amsmath/amsgen.sty
File: amsgen.sty 1999/11/30 v2.0 generic functions
\@emptytoks=\toks18
\ex@=\dimen147
))
(/usr/share/texlive/texmf-dist/tex/latex/amsmath/amsbsy.sty
Package: amsbsy 1999/11/29 v1.2d Bold Symbols
\pmbraise@=\dimen148
)
(/usr/share/texlive/texmf-dist/tex/latex/amsmath/amsopn.sty
Package: amsopn 2021/08/26 v2.02 operator names
)
\inf@bad=\count196
LaTeX Info: Redefining \frac on input line 234.
\uproot@=\count197
\leftroot@=\count198
LaTeX Info: Redefining \overline on input line 399.
\classnum@=\count199
\DOTSCASE@=\count266
LaTeX Info: Redefining \ldots on input line 496.
LaTeX Info: Redefining \dots on input line 499.
LaTeX Info: Redefining \cdots on input line 620.
\Mathstrutbox@=\box50
\strutbox@=\box51
\big@size=\dimen149
LaTeX Font Info:    Redeclaring font encoding OML on input line 743.
LaTeX Font Info:    Redeclaring font encoding OMS on input line 744.
\macc@depth=\count267
\c@MaxMatrixCols=\count268
\dotsspace@=\muskip16
\c@parentequation=\count269
\dspbrk@lvl=\count270
\tag@help=\toks19
\row@=\count271
\column@=\count272
\maxfields@=\count273
\andhelp@=\toks20
\eqnshift@=\dimen150
\alignsep@=\dimen151
\tagshift@=\dimen152
\tagwidth@=\dimen153
\totwidth@=\dimen154
\lineht@=\dimen155
\@envbody=\toks21
\multlinegap=\skip50
\multlinetaggap=\skip51
\mathdisplay@stack=\toks22
LaTeX Info: Redefining \[ on input line 2938.
LaTeX Info: Redefining \] on input line 2939.
)
(/usr/share/texlive/texmf-dist/tex/latex/amsfonts/amssymb.sty
Package: amssymb 2013/01/14 v3.01 AMS font symbols

(/usr/share/texlive/texmf-dist/tex/latex/amsfonts/amsfonts.sty
Package: amsfonts 2013/01/14 v3.01 Basic AMSFonts support
\symAMSa=\mathgroup4
\symAMSb=\mathgroup5
LaTeX Font Info:    Redeclaring math symbol \hbar on input line 98.
LaTeX Font Info:    Overwriting math alphabet `\mathfrak' in version `bold'
(Font)                  U/euf/m/n --> U/euf/b/n on input line 106.
))
(/usr/share/texlive/texmf-dist/tex/latex/amscls/amsthm.sty
Package: amsthm 2020/05/29 v2.20.6
\thm@style=\toks23
\thm@bodyfont=\toks24
\thm@headfont=\toks25
\thm@notefont=\toks26
\thm@headpunct=\toks27
\thm@preskip=\skip52
\thm@postskip=\skip53
\thm@headsep=\skip54
\dth@everypar=\toks28
)
(/usr/share/texlive/texmf-dist/tex/latex/booktabs/booktabs.sty
Package: booktabs 2020/01/12 v1.61803398 Publication quality tables
\heavyrulewidth=\dimen156
\lightrulewidth=\dimen157
\cmidrulewidth=\dimen158
\belowrulesep=\dimen159
\belowbottomsep=\dimen160
\aboverulesep=\dimen161
\abovetopsep=\dimen162
\cmidrulesep=\dimen163
\cmidrulekern=\dimen164
\defaultaddspace=\dimen165
\@cmidla=\count274
\@cmidlb=\count275
\@aboverulesep=\dimen166
\@belowrulesep=\dimen167
\@thisruleclass=\count276
\@lastruleclass=\count277
\@thisrulewidth=\dimen168
)
(/usr/share/texlive/texmf-dist/tex/latex/graphics/graphicx.sty
Package: graphicx 2021/09/16 v1.2d Enhanced LaTeX Graphics (DPC,SPQR)

(/usr/share/texlive/texmf-dist/tex/latex/graphics/graphics.sty
Package: graphics 2021/03/04 v1.4d Standard LaTeX Graphics (DPC,SPQR)

(/usr/share/texlive/texmf-dist/tex/latex/graphics/trig.sty
Package: trig 2021/08/11 v1.11 sin cos tan (DPC)
)
(/usr/share/texlive/texmf-dist/tex/latex/graphics-cfg/graphics.cfg
File: graphics.cfg 2016/06/04 v1.11 sample graphics configuration
)
Package graphics Info: Driver file: pdftex.def on input line 107.

(/usr/share/texlive/texmf-dist/tex/latex/graphics-def/pdftex.def
File: pdftex.def 2020/10/05 v1.2a Graphics/color driver for pdftex
))
\Gin@req@height=\dimen169
\Gin@req@width=\dimen170
)
(/usr/share/texlive/texmf-dist/tex/latex/hyperref/hyperref.sty
Package: hyperref 2021-06-07 v7.00m Hypertext links for LaTeX

(/usr/share/texlive/texmf-dist/tex/generic/ltxcmds/ltxcmds.sty
Package: ltxcmds 2020-05-10 v1.25 LaTeX kernel commands for general use (HO)
)
(/usr/share/texlive/texmf-dist/tex/generic/pdftexcmds/pdftexcmds.sty
Package: pdftexcmds 2020-06-27 v0.33 Utility functions of pdfTeX for LuaTeX (HO
)

(/usr/share/texlive/texmf-dist/tex/generic/infwarerr/infwarerr.sty
Package: infwarerr 2019/12/03 v1.5 Providing info/warning/error messages (HO)
)
Package pdftexcmds Info: \pdf@primitive is available.
Package pdftexcmds Info: \pdf@ifprimitive is available.
Package pdftexcmds Info: \pdfdraftmode found.
)
(/usr/share/texlive/texmf-dist/tex/generic/kvsetkeys/kvsetkeys.sty
Package: kvsetkeys 2019/12/15 v1.18 Key value parser (HO)
)
(/usr/share/texlive/texmf-dist/tex/generic/kvdefinekeys/kvdefinekeys.sty
Package: kvdefinekeys 2019-12-19 v1.6 Define keys (HO)
)
(/usr/share/texlive/texmf-dist/tex/generic/pdfescape/pdfescape.sty
Package: pdfescape 2019/12/09 v1.15 Implements pdfTeX's escape features (HO)
)
(/usr/share/texlive/texmf-dist/tex/latex/hycolor/hycolor.sty
Package: hycolor 2020-01-27 v1.10 Color options for hyperref/bookmark (HO)
)
(/usr/share/texlive/texmf-dist/tex/latex/letltxmacro/letltxmacro.sty
Package: letltxmacro 2019/12/03 v1.6 Let assignment for LaTeX macros (HO)
)
(/usr/share/texlive/texmf-dist/tex/latex/auxhook/auxhook.sty
Package: auxhook 2019-12-17 v1.6 Hooks for auxiliary files (HO)
)
(/usr/share/texlive/texmf-dist/tex/latex/kvoptions/kvoptions.sty
Package: kvoptions 2020-10-07 v3.14 Key value format for package options (HO)
)
\@linkdim=\dimen171
\Hy@linkcounter=\count278
\Hy@pagecounter=\count279

(/usr/share/texlive/texmf-dist/tex/latex/hyperref/pd1enc.def
File: pd1enc.def 2021-06-07 v7.00m Hyperref: PDFDocEncoding definition (HO)
Now handling font encoding PD1 ...
... no UTF-8 mapping file for font encoding PD1
)
(/usr/share/texlive/texmf-dist/tex/latex/hyperref/hyperref-langpatches.def
File: hyperref-langpatches.def 2021-06-07 v7.00m Hyperref: patches for babel la
nguages
)
(/usr/share/texlive/texmf-dist/tex/generic/intcalc/intcalc.sty
Package: intcalc 2019/12/15 v1.3 Expandable calculations with integers (HO)
)
(/usr/share/texlive/texmf-dist/tex/generic/etexcmds/etexcmds.sty
Package: etexcmds 2019/12/15 v1.7 Avoid name clashes with e-TeX commands (HO)
)
\Hy@SavedSpaceFactor=\count280

(/usr/share/texlive/texmf-dist/tex/latex/hyperref/puenc.def
File: puenc.def 2021-06-07 v7.00m Hyperref: PDF Unicode definition (HO)
Now handling font encoding PU ...
... no UTF-8 mapping file for font encoding PU
)
Package hyperref Info: Hyper figures OFF on input line 4192.
Package hyperref Info: Link nesting OFF on input line 4197.
Package hyperref Info: Hyper index ON on input line 4200.
Package hyperref Info: Plain pages OFF on input line 4207.
Package hyperref Info: Backreferencing OFF on input line 4212.
Package hyperref Info: Implicit mode ON; LaTeX internals redefined.
Package hyperref Info: Bookmarks ON on input line 4445.
\c@Hy@tempcnt=\count281

(/usr/share/texlive/texmf-dist/tex/latex/url/url.sty
\Urlmuskip=\muskip17
Package: url 2013/09/16  ver 3.4  Verb mode for urls, etc.
)
LaTeX Info: Redefining \url on input line 4804.
\XeTeXLinkMargin=\dimen172

(/usr/share/texlive/texmf-dist/tex/generic/bitset/bitset.sty
Package: bitset 2019/12/09 v1.3 Handle bit-vector datatype (HO)

(/usr/share/texlive/texmf-dist/tex/generic/bigintcalc/bigintcalc.sty
Package: bigintcalc 2019/12/15 v1.5 Expandable calculations on big integers (HO
)
))
\Fld@menulength=\count282
\Field@Width=\dimen173
\Fld@charsize=\dimen174
Package hyperref Info: Hyper figures OFF on input line 6076.
Package hyperref Info: Link nesting OFF on input line 6081.
Package hyperref Info: Hyper index ON on input line 6084.
Package hyperref Info: backreferencing OFF on input line 6091.
Package hyperref Info: Link coloring OFF on input line 6096.
Package hyperref Info: Link coloring with OCG OFF on input line 6101.
Package hyperref Info: PDF/A mode OFF on input line 6106.
LaTeX Info: Redefining \ref on input line 6146.
LaTeX Info: Redefining \pageref on input line 6150.

(/usr/share/texlive/texmf-dist/tex/latex/base/atbegshi-ltx.sty
Package: atbegshi-ltx 2021/01/10 v1.0c Emulation of the original atbegshi
package with kernel methods
)
\Hy@abspage=\count283
\c@Item=\count284
\c@Hfootnote=\count285
)
Package hyperref Info: Driver (autodetected): hpdftex.

(/usr/share/texlive/texmf-dist/tex/latex/hyperref/hpdftex.def
File: hpdftex.def 2021-06-07 v7.00m Hyperref driver for pdfTeX

(/usr/share/texlive/texmf-dist/tex/latex/base/atveryend-ltx.sty
Package: atveryend-ltx 2020/08/19 v1.0a Emulation of the original atveryend pac
kage
with kernel methods
)
\Fld@listcount=\count286
\c@bookmark@seq@number=\count287

(/usr/share/texlive/texmf-dist/tex/latex/rerunfilecheck/rerunfilecheck.sty
Package: rerunfilecheck 2019/12/05 v1.9 Rerun checks for auxiliary files (HO)

(/usr/share/texlive/texmf-dist/tex/generic/uniquecounter/uniquecounter.sty
Package: uniquecounter 2019/12/15 v1.4 Provide unlimited unique counter (HO)
)
Package uniquecounter Info: New unique counter `rerunfilecheck' on input line 2
86.
)
\Hy@SectionHShift=\skip55
)
(/usr/share/texlive/texmf-dist/tex/latex/xcolor/xcolor.sty
Package: xcolor 2021/10/31 v2.13 LaTeX color extensions (UK)

(/usr/share/texlive/texmf-dist/tex/latex/graphics-cfg/color.cfg
File: color.cfg 2016/01/02 v1.6 sample color configuration
)
Package xcolor Info: Driver file: pdftex.def on input line 227.
Package xcolor Info: Model `cmy' substituted by `cmy0' on input line 1352.
Package xcolor Info: Model `hsb' substituted by `rgb' on input line 1356.
Package xcolor Info: Model `RGB' extended on input line 1368.
Package xcolor Info: Model `HTML' substituted by `rgb' on input line 1370.
Package xcolor Info: Model `Hsb' substituted by `hsb' on input line 1371.
Package xcolor Info: Model `tHsb' substituted by `hsb' on input line 1372.
Package xcolor Info: Model `HSB' substituted by `hsb' on input line 1373.
Package xcolor Info: Model `Gray' substituted by `gray' on input line 1374.
Package xcolor Info: Model `wave' substituted by `hsb' on input line 1375.
)
(/usr/share/texlive/texmf-dist/tex/latex/tools/longtable.sty
Package: longtable 2021-09-01 v4.17 Multi-page Table package (DPC)
\LTleft=\skip56
\LTright=\skip57
\LTpre=\skip58
\LTpost=\skip59
\LTchunksize=\count288
\LTcapwidth=\dimen175
\LT@head=\box52
\LT@firsthead=\box53
\LT@foot=\box54
\LT@lastfoot=\box55
\LT@gbox=\box56
\LT@cols=\count289
\LT@rows=\count290
\c@LT@tables=\count291
\c@LT@chunks=\count292
\LT@p@ftn=\toks29
)
(/usr/share/texlive/texmf-dist/tex/latex/float/float.sty
Package: float 2001/11/08 v1.3d Float enhancements (AL)
\c@float@type=\count293
\float@exts=\toks30
\float@box=\box57
\@float@everytoks=\toks31
\@floatcapt=\box58
)
(/usr/share/texlive/texmf-dist/tex/latex/natbib/natbib.sty
Package: natbib 2010/09/13 8.31b (PWD, AO)
\bibhang=\skip60
\bibsep=\skip61
LaTeX Info: Redefining \cite on input line 694.
\c@NAT@ctr=\count294
)
(/usr/share/texlive/texmf-dist/tex/latex/setspace/setspace.sty
Package: setspace 2011/12/19 v6.7a set line spacing
)
(/usr/share/texlive/texmf-dist/tex/latex/lineno/lineno.sty
Package: lineno 2005/11/02 line numbers on paragraphs v4.41
\linenopenalty=\count295
\output=\toks32
\linenoprevgraf=\count296
\linenumbersep=\dimen176
\linenumberwidth=\dimen177
\c@linenumber=\count297
\c@pagewiselinenumber=\count298
\c@LN@truepage=\count299
\c@internallinenumber=\count300
\c@internallinenumbers=\count301
\quotelinenumbersep=\dimen178
\bframerule=\dimen179
\bframesep=\dimen180
\bframebox=\box59
LaTeX Info: Redefining \\ on input line 3056.
)
\c@theorem=\count302

(/usr/share/texlive/texmf-dist/tex/latex/l3backend/l3backend-pdftex.def
File: l3backend-pdftex.def 2022-01-12 L3 backend support: PDF output (pdfTeX)
\l__color_backend_stack_int=\count303
\l__pdf_internal_box=\box60
)
(./supplementary_materials_v2.aux)
\openout1 = `supplementary_materials_v2.aux'.

LaTeX Font Info:    Checking defaults for OML/cmm/m/it on input line 27.
LaTeX Font Info:    ... okay on input line 27.
LaTeX Font Info:    Checking defaults for OMS/cmsy/m/n on input line 27.
LaTeX Font Info:    ... okay on input line 27.
LaTeX Font Info:    Checking defaults for OT1/cmr/m/n on input line 27.
LaTeX Font Info:    ... okay on input line 27.
LaTeX Font Info:    Checking defaults for T1/cmr/m/n on input line 27.
LaTeX Font Info:    ... okay on input line 27.
LaTeX Font Info:    Checking defaults for TS1/cmr/m/n on input line 27.
LaTeX Font Info:    ... okay on input line 27.
LaTeX Font Info:    Checking defaults for OMX/cmex/m/n on input line 27.
LaTeX Font Info:    ... okay on input line 27.
LaTeX Font Info:    Checking defaults for U/cmr/m/n on input line 27.
LaTeX Font Info:    ... okay on input line 27.
LaTeX Font Info:    Checking defaults for PD1/pdf/m/n on input line 27.
LaTeX Font Info:    ... okay on input line 27.
LaTeX Font Info:    Checking defaults for PU/pdf/m/n on input line 27.
LaTeX Font Info:    ... okay on input line 27.

*geometry* driver: auto-detecting
*geometry* detected driver: pdftex
*geometry* verbose mode - [ preamble ] result:
* driver: pdftex
* paper: <default>
* layout: <same size as paper>
* layoutoffset:(h,v)=(0.0pt,0.0pt)
* modes: 
* h-part:(L,W,R)=(72.26999pt, 469.75502pt, 72.26999pt)
* v-part:(T,H,B)=(72.26999pt, 650.43001pt, 72.26999pt)
* \paperwidth=614.295pt
* \paperheight=794.96999pt
* \textwidth=469.75502pt
* \textheight=650.43001pt
* \oddsidemargin=0.0pt
* \evensidemargin=0.0pt
* \topmargin=-37.0pt
* \headheight=12.0pt
* \headsep=25.0pt
* \topskip=10.0pt
* \footskip=30.0pt
* \marginparwidth=65.0pt
* \marginparsep=11.0pt
* \columnsep=10.0pt
* \skip\footins=9.0pt plus 4.0pt minus 2.0pt
* \hoffset=0.0pt
* \voffset=0.0pt
* \mag=1000
* \@twocolumnfalse
* \@twosidefalse
* \@mparswitchfalse
* \@reversemarginfalse
* (1in=72.27pt=25.4mm, 1cm=28.453pt)

(/usr/share/texlive/texmf-dist/tex/context/base/mkii/supp-pdf.mkii
[Loading MPS to PDF converter (version 2006.09.02).]
\scratchcounter=\count304
\scratchdimen=\dimen181
\scratchbox=\box61
\nofMPsegments=\count305
\nofMParguments=\count306
\everyMPshowfont=\toks33
\MPscratchCnt=\count307
\MPscratchDim=\dimen182
\MPnumerator=\count308
\makeMPintoPDFobject=\count309
\everyMPtoPDFconversion=\toks34
) (/usr/share/texlive/texmf-dist/tex/latex/epstopdf-pkg/epstopdf-base.sty
Package: epstopdf-base 2020-01-24 v2.11 Base part for package epstopdf
Package epstopdf-base Info: Redefining graphics rule for `.eps' on input line 4
85.

(/usr/share/texlive/texmf-dist/tex/latex/latexconfig/epstopdf-sys.cfg
File: epstopdf-sys.cfg 2010/07/13 v1.3 Configuration of (r)epstopdf for TeX Liv
e
))
Package hyperref Info: Link coloring OFF on input line 27.

(/usr/share/texlive/texmf-dist/tex/latex/hyperref/nameref.sty
Package: nameref 2021-04-02 v2.47 Cross-referencing by name of section

(/usr/share/texlive/texmf-dist/tex/latex/refcount/refcount.sty
Package: refcount 2019/12/15 v3.6 Data extraction from label references (HO)
)
(/usr/share/texlive/texmf-dist/tex/generic/gettitlestring/gettitlestring.sty
Package: gettitlestring 2019/12/15 v1.6 Cleanup title references (HO)
)
\c@section@level=\count310
)
LaTeX Info: Redefining \ref on input line 27.
LaTeX Info: Redefining \pageref on input line 27.
LaTeX Info: Redefining \nameref on input line 27.

(./supplementary_materials_v2.out) (./supplementary_materials_v2.out)
\@outlinefile=\write3
\openout3 = `supplementary_materials_v2.out'.

LaTeX Font Info:    Trying to load font information for U+msa on input line 29.


(/usr/share/texlive/texmf-dist/tex/latex/amsfonts/umsa.fd
File: umsa.fd 2013/01/14 v3.01 AMS symbols A
)
LaTeX Font Info:    Trying to load font information for U+msb on input line 29.


(/usr/share/texlive/texmf-dist/tex/latex/amsfonts/umsb.fd
File: umsb.fd 2013/01/14 v3.01 AMS symbols B
)
(./supplementary_materials_v2.toc [1

{/var/lib/texmf/fonts/map/pdftex/updmap/pdftex.map}])
\tf@toc=\write4
\openout4 = `supplementary_materials_v2.toc'.

 [2] [3]

! LaTeX Error: Environment example undefined.

See the LaTeX manual or LaTeX Companion for explanation.
Type  H <return>  for immediate help.
 ...                                              
                                                  
l.153 \begin{example}
                     [Concrete numerical illustration]
Your command was ignored.
Type  I <command> <return>  to replace it with another command,
or  <return>  to continue without it.

[4]

! LaTeX Error: \begin{document} ended by \end{example}.

See the LaTeX manual or LaTeX Companion for explanation.
Type  H <return>  for immediate help.
 ...                                              
                                                  
l.168 \end{example}
                   
Your command was ignored.
Type  I <command> <return>  to replace it with another command,
or  <return>  to continue without it.

[5] [6] [7] [8] [9] [10] [11]

Package natbib Warning: Citation `wang2020understanding' on page 12 undefined o
n input line 592.

[12] [13] [14] [15] [16pdfTeX warning (ext4): destination with the same identif
ier (name{table.1}) has been already used, duplicate ignored
<argument> ...shipout:D \box_use:N \l_shipout_box 
                                                  \__shipout_drop_firstpage_...
l.756 ...sum_{j \in N_{\text{MNN}}(i)} z_j^{(t)}$$
                                                  ] [17pdfTeX warning (ext4): d
estination with the same identifier (name{table.2}) has been already used, dupl
icate ignored
<argument> ...shipout:D \box_use:N \l_shipout_box 
                                                  \__shipout_drop_firstpage_...
l.813 
      ] [18pdfTeX warning (ext4): destination with the same identifier (name{ta
ble.3}) has been already used, duplicate ignored
<argument> ...shipout:D \box_use:N \l_shipout_box 
                                                  \__shipout_drop_firstpage_...
l.872 
      pdfTeX warning (ext4): destination with the same identifier (name{table.4
}) has been already used, duplicate ignored
<argument> ...shipout:D \box_use:N \l_shipout_box 
                                                  \__shipout_drop_firstpage_...
l.872 
      pdfTeX warning (ext4): destination with the same identifier (name{table.5
}) has been already used, duplicate ignored
<argument> ...shipout:D \box_use:N \l_shipout_box 
                                                  \__shipout_drop_firstpage_...
l.872 
      ] [19pdfTeX warning (ext4): destination with the same identifier (name{ta
ble.6}) has been already used, duplicate ignored
<argument> ...shipout:D \box_use:N \l_shipout_box 
                                                  \__shipout_drop_firstpage_...
l.935 
      pdfTeX warning (ext4): destination with the same identifier (name{table.7
}) has been already used, duplicate ignored
<argument> ...shipout:D \box_use:N \l_shipout_box 
                                                  \__shipout_drop_firstpage_...
l.935 
      pdfTeX warning (ext4): destination with the same identifier (name{table.8
}) has been already used, duplicate ignored
<argument> ...shipout:D \box_use:N \l_shipout_box 
                                                  \__shipout_drop_firstpage_...
l.935 
      ] [20pdfTeX warning (ext4): destination with the same identifier (name{ta
ble.9}) has been already used, duplicate ignored
<argument> ...shipout:D \box_use:N \l_shipout_box 
                                                  \__shipout_drop_firstpage_...
l.994 
      pdfTeX warning (ext4): destination with the same identifier (name{table.1
0}) has been already used, duplicate ignored
<argument> ...shipout:D \box_use:N \l_shipout_box 
                                                  \__shipout_drop_firstpage_...
l.994 
      pdfTeX warning (ext4): destination with the same identifier (name{table.1
1}) has been already used, duplicate ignored
<argument> ...shipout:D \box_use:N \l_shipout_box 
                                                  \__shipout_drop_firstpage_...
l.994 
      ]
<biological_science_workspace/figures/extended_data//fig21_np_detection_validat
ion.png, id=261, 1395.2928pt x 1215.0996pt>
File: biological_science_workspace/figures/extended_data//fig21_np_detection_va
lidation.png Graphic file (type png)
<use biological_science_workspace/figures/extended_data//fig21_np_detection_val
idation.png>
Package pdftex.def Info: biological_science_workspace/figures/extended_data//fi
g21_np_detection_validation.png  used on input line 1022.
(pdftex.def)             Requested size: 399.29463pt x 347.7161pt.
 [21pdfTeX warning (ext4): destination with the same identifier (name{table.12}
) has been already used, duplicate ignored
<argument> ...shipout:D \box_use:N \l_shipout_box 
                                                  \__shipout_drop_firstpage_...
l.1025 
       pdfTeX warning (ext4): destination with the same identifier (name{table.
13}) has been already used, duplicate ignored
<argument> ...shipout:D \box_use:N \l_shipout_box 
                                                  \__shipout_drop_firstpage_...
l.1025 
       ]
<biological_science_workspace/figures/extended_data//fig22_np_phase_transition.
png, id=269, 1003.8303pt x 570.2103pt>
File: biological_science_workspace/figures/extended_data//fig22_np_phase_transi
tion.png Graphic file (type png)
<use biological_science_workspace/figures/extended_data//fig22_np_phase_transit
ion.png>
Package pdftex.def Info: biological_science_workspace/figures/extended_data//fi
g22_np_phase_transition.png  used on input line 1028.
(pdftex.def)             Requested size: 399.29463pt x 226.80977pt.
 [22pdfTeX warning (ext4): destination with the same identifier (name{figure.1}
) has been already used, duplicate ignored
<argument> ...shipout:D \box_use:N \l_shipout_box 
                                                  \__shipout_drop_firstpage_...
l.1031 
        <./biological_science_workspace/figures/extended_data//fig21_np_detecti
on_validation.png>]
<biological_science_workspace/figures/extended_data//fig15_all_celltype_disrupt
ion.png, id=277, 1011.78pt x 505.89pt>
File: biological_science_workspace/figures/extended_data//fig15_all_celltype_di
sruption.png Graphic file (type png)
<use biological_science_workspace/figures/extended_data//fig15_all_celltype_dis
ruption.png>
Package pdftex.def Info: biological_science_workspace/figures/extended_data//fi
g15_all_celltype_disruption.png  used on input line 1034.
(pdftex.def)             Requested size: 399.29463pt x 199.65067pt.
<biological_science_workspace/figures/extended_data//fig1_celltype_dataset_heat
map.png, id=278, 722.7pt x 2023.56pt>
File: biological_science_workspace/figures/extended_data//fig1_celltype_dataset
_heatmap.png Graphic file (type png)
<use biological_science_workspace/figures/extended_data//fig1_celltype_dataset_
heatmap.png>
Package pdftex.def Info: biological_science_workspace/figures/extended_data//fi
g1_celltype_dataset_heatmap.png  used on input line 1040.
(pdftex.def)             Requested size: 399.29463pt x 1118.02528pt.
 [23pdfTeX warning (ext4): destination with the same identifier (name{figure.2}
) has been already used, duplicate ignored
<argument> ...shipout:D \box_use:N \l_shipout_box 
                                                  \__shipout_drop_firstpage_...
l.1043 
       pdfTeX warning (ext4): destination with the same identifier (name{figure
.3}) has been already used, duplicate ignored
<argument> ...shipout:D \box_use:N \l_shipout_box 
                                                  \__shipout_drop_firstpage_...
l.1043 
        <./biological_science_workspace/figures/extended_data//fig22_np_phase_t
ransition.png> <./biological_science_workspace/figures/extended_data//fig15_all
_celltype_disruption.png>]
Overfull \vbox (501.59528pt too high) has occurred while \output is active []


[24pdfTeX warning (ext4): destination with the same identifier (name{figure.4})
 has been already used, duplicate ignored
<argument> ...shipout:D \box_use:N \l_shipout_box 
                                                  \__shipout_drop_firstpage_...
l.1043 
        <./biological_science_workspace/figures/extended_data//fig1_celltype_da
taset_heatmap.png>]
<biological_science_workspace/figures/extended_data//fig13_pdc_subcluster_survi
val.png, id=293, 1726.2894pt x 1034.9064pt>
File: biological_science_workspace/figures/extended_data//fig13_pdc_subcluster_
survival.png Graphic file (type png)
<use biological_science_workspace/figures/extended_data//fig13_pdc_subcluster_s
urvival.png>
Package pdftex.def Info: biological_science_workspace/figures/extended_data//fi
g13_pdc_subcluster_survival.png  used on input line 1046.
(pdftex.def)             Requested size: 399.29463pt x 239.36572pt.
<biological_science_workspace/figures/extended_data//fig16_tigit_ccr8_treg.png,
 id=294, 1509.9612pt x 444.7014pt>
File: biological_science_workspace/figures/extended_data//fig16_tigit_ccr8_treg
.png Graphic file (type png)
<use biological_science_workspace/figures/extended_data//fig16_tigit_ccr8_treg.
png>
Package pdftex.def Info: biological_science_workspace/figures/extended_data//fi
g16_tigit_ccr8_treg.png  used on input line 1052.
(pdftex.def)             Requested size: 399.29463pt x 117.59424pt.
<biological_science_workspace/figures/extended_data//fig5_tcell_subclusters.png
, id=295, 1293.1512pt x 497.2176pt>
File: biological_science_workspace/figures/extended_data//fig5_tcell_subcluster
s.png Graphic file (type png)
<use biological_science_workspace/figures/extended_data//fig5_tcell_subclusters
.png>
Package pdftex.def Info: biological_science_workspace/figures/extended_data//fi
g5_tcell_subclusters.png  used on input line 1058.
(pdftex.def)             Requested size: 399.29463pt x 153.5289pt.
<biological_science_workspace/figures//Fig5_BD_pareto.png, id=296, 511.6716pt x
 158.0304pt>
File: biological_science_workspace/figures//Fig5_BD_pareto.png Graphic file (ty
pe png)
<use biological_science_workspace/figures//Fig5_BD_pareto.png>
Package pdftex.def Info: biological_science_workspace/figures//Fig5_BD_pareto.p
ng  used on input line 1064.
(pdftex.def)             Requested size: 399.29463pt x 123.3259pt.
 [25pdfTeX warning (ext4): destination with the same identifier (name{figure.5}
) has been already used, duplicate ignored
<argument> ...shipout:D \box_use:N \l_shipout_box 
                                                  \__shipout_drop_firstpage_...
l.1067 
       pdfTeX warning (ext4): destination with the same identifier (name{figure
.6}) has been already used, duplicate ignored
<argument> ...shipout:D \box_use:N \l_shipout_box 
                                                  \__shipout_drop_firstpage_...
l.1067 
       pdfTeX warning (ext4): destination with the same identifier (name{figure
.7}) has been already used, duplicate ignored
<argument> ...shipout:D \box_use:N \l_shipout_box 
                                                  \__shipout_drop_firstpage_...
l.1067 
        <./biological_science_workspace/figures/extended_data//fig13_pdc_subclu
ster_survival.png> <./biological_science_workspace/figures/extended_data//fig16
_tigit_ccr8_treg.png> <./biological_science_workspace/figures/extended_data//fi
g5_tcell_subclusters.png>]
<biological_science_workspace/figures//Fig5_BD_integration.png, id=308, 511.671
6pt x 142.8537pt>
File: biological_science_workspace/figures//Fig5_BD_integration.png Graphic fil
e (type png)
<use biological_science_workspace/figures//Fig5_BD_integration.png>
Package pdftex.def Info: biological_science_workspace/figures//Fig5_BD_integrat
ion.png  used on input line 1070.
(pdftex.def)             Requested size: 399.29463pt x 111.48209pt.
<biological_science_workspace/figures/extended_data//fig20_framework_validation
_summary.png, id=309, 1322.0592pt x 940.9554pt>
File: biological_science_workspace/figures/extended_data//fig20_framework_valid
ation_summary.png Graphic file (type png)
<use biological_science_workspace/figures/extended_data//fig20_framework_valida
tion_summary.png>
Package pdftex.def Info: biological_science_workspace/figures/extended_data//fi
g20_framework_validation_summary.png  used on input line 1076.
(pdftex.def)             Requested size: 399.29463pt x 284.18402pt.
<biological_science_workspace/figures/extended_data//fig9_cnem_delta_by_celltyp
e.png, id=310, 1734.48pt x 578.16pt>
File: biological_science_workspace/figures/extended_data//fig9_cnem_delta_by_ce
lltype.png Graphic file (type png)
<use biological_science_workspace/figures/extended_data//fig9_cnem_delta_by_cel
ltype.png>
Package pdftex.def Info: biological_science_workspace/figures/extended_data//fi
g9_cnem_delta_by_celltype.png  used on input line 1082.
(pdftex.def)             Requested size: 399.29463pt x 133.0975pt.
 [26pdfTeX warning (ext4): destination with the same identifier (name{figure.8}
) has been already used, duplicate ignored
<argument> ...shipout:D \box_use:N \l_shipout_box 
                                                  \__shipout_drop_firstpage_...
l.1085 
       pdfTeX warning (ext4): destination with the same identifier (name{figure
.9}) has been already used, duplicate ignored
<argument> ...shipout:D \box_use:N \l_shipout_box 
                                                  \__shipout_drop_firstpage_...
l.1085 
       pdfTeX warning (ext4): destination with the same identifier (name{figure
.10}) has been already used, duplicate ignored
<argument> ...shipout:D \box_use:N \l_shipout_box 
                                                  \__shipout_drop_firstpage_...
l.1085 
        <./biological_science_workspace/figures//Fig5_BD_pareto.png> <./biologi
cal_science_workspace/figures//Fig5_BD_integration.png> <./biological_science_w
orkspace/figures/extended_data//fig20_framework_validation_summary.png>]
<biological_science_workspace/figures/extended_data//fig19_cluster7_dotplot.png
, id=321, 1151.9838pt x 499.6266pt>
File: biological_science_workspace/figures/extended_data//fig19_cluster7_dotplo
t.png Graphic file (type png)
<use biological_science_workspace/figures/extended_data//fig19_cluster7_dotplot
.png>
Package pdftex.def Info: biological_science_workspace/figures/extended_data//fi
g19_cluster7_dotplot.png  used on input line 1088.
(pdftex.def)             Requested size: 399.29463pt x 173.17947pt.
<biological_science_workspace/figures/extended_data//fig3_pdc_subclusters.png, 
id=322, 1726.7712pt x 497.2176pt>
File: biological_science_workspace/figures/extended_data//fig3_pdc_subclusters.
png Graphic file (type png)
<use biological_science_workspace/figures/extended_data//fig3_pdc_subclusters.p
ng>
Package pdftex.def Info: biological_science_workspace/figures/extended_data//fi
g3_pdc_subclusters.png  used on input line 1094.
(pdftex.def)             Requested size: 399.29463pt x 114.97218pt.
<biological_science_workspace/figures/extended_data//fig4_mast_subclusters.png,
 id=323, 1726.7712pt x 497.2176pt>
File: biological_science_workspace/figures/extended_data//fig4_mast_subclusters
.png Graphic file (type png)
<use biological_science_workspace/figures/extended_data//fig4_mast_subclusters.
png>
Package pdftex.def Info: biological_science_workspace/figures/extended_data//fi
g4_mast_subclusters.png  used on input line 1100.
(pdftex.def)             Requested size: 399.29463pt x 114.97218pt.

[27pdfTeX warning (ext4): destination with the same identifier (name{figure.11}
) has been already used, duplicate ignored
<argument> ...shipout:D \box_use:N \l_shipout_box 
                                                  \__shipout_drop_firstpage_...
l.1103 
       pdfTeX warning (ext4): destination with the same identifier (name{figure
.12}) has been already used, duplicate ignored
<argument> ...shipout:D \box_use:N \l_shipout_box 
                                                  \__shipout_drop_firstpage_...
l.1103 
       pdfTeX warning (ext4): destination with the same identifier (name{figure
.13}) has been already used, duplicate ignored
<argument> ...shipout:D \box_use:N \l_shipout_box 
                                                  \__shipout_drop_firstpage_...
l.1103 
        <./biological_science_workspace/figures/extended_data//fig9_cnem_delta_
by_celltype.png> <./biological_science_workspace/figures/extended_data//fig19_c
luster7_dotplot.png> <./biological_science_workspace/figures/extended_data//fig
3_pdc_subclusters.png>]
<biological_science_workspace/figures/extended_data//fig6_bcell_subclusters.png
, id=334, 1726.7712pt x 497.2176pt>
File: biological_science_workspace/figures/extended_data//fig6_bcell_subcluster
s.png Graphic file (type png)
<use biological_science_workspace/figures/extended_data//fig6_bcell_subclusters
.png>
Package pdftex.def Info: biological_science_workspace/figures/extended_data//fi
g6_bcell_subclusters.png  used on input line 1106.
(pdftex.def)             Requested size: 399.29463pt x 114.97218pt.
<biological_science_workspace/figures/extended_data//fig8_macrophage_subcluster
s.png, id=335, 1726.7712pt x 497.2176pt>
File: biological_science_workspace/figures/extended_data//fig8_macrophage_subcl
usters.png Graphic file (type png)
<use biological_science_workspace/figures/extended_data//fig8_macrophage_subclu
sters.png>
Package pdftex.def Info: biological_science_workspace/figures/extended_data//fi
g8_macrophage_subclusters.png  used on input line 1112.
(pdftex.def)             Requested size: 399.29463pt x 114.97218pt.
<biological_science_workspace/figures/extended_data//fig17_treg_vs_survival.png
, id=336, 1300.86pt x 505.89pt>
File: biological_science_workspace/figures/extended_data//fig17_treg_vs_surviva
l.png Graphic file (type png)
<use biological_science_workspace/figures/extended_data//fig17_treg_vs_survival
.png>
Package pdftex.def Info: biological_science_workspace/figures/extended_data//fi
g17_treg_vs_survival.png  used on input line 1118.
(pdftex.def)             Requested size: 399.29463pt x 155.28043pt.
 [28pdfTeX warning (ext4): destination with the same identifier (name{figure.14
}) has been already used, duplicate ignored
<argument> ...shipout:D \box_use:N \l_shipout_box 
                                                  \__shipout_drop_firstpage_...
l.1121 
       pdfTeX warning (ext4): destination with the same identifier (name{figure
.15}) has been already used, duplicate ignored
<argument> ...shipout:D \box_use:N \l_shipout_box 
                                                  \__shipout_drop_firstpage_...
l.1121 
       pdfTeX warning (ext4): destination with the same identifier (name{figure
.16}) has been already used, duplicate ignored
<argument> ...shipout:D \box_use:N \l_shipout_box 
                                                  \__shipout_drop_firstpage_...
l.1121 
        <./biological_science_workspace/figures/extended_data//fig4_mast_subclu
sters.png> <./biological_science_workspace/figures/extended_data//fig6_bcell_su
bclusters.png> <./biological_science_workspace/figures/extended_data//fig8_macr
ophage_subclusters.png>]
<biological_science_workspace/figures/extended_data//fig18_rare_targets_dispers
ion.png, id=347, 1156.32pt x 433.62pt>
File: biological_science_workspace/figures/extended_data//fig18_rare_targets_di
spersion.png Graphic file (type png)
<use biological_science_workspace/figures/extended_data//fig18_rare_targets_dis
persion.png>
Package pdftex.def Info: biological_science_workspace/figures/extended_data//fi
g18_rare_targets_dispersion.png  used on input line 1124.
(pdftex.def)             Requested size: 399.29463pt x 149.73138pt.
<biological_science_workspace/figures//fig5g_CD69.png, id=348, 341.275pt x 642.
4pt>
File: biological_science_workspace/figures//fig5g_CD69.png Graphic file (type p
ng)
<use biological_science_workspace/figures//fig5g_CD69.png>
Package pdftex.def Info: biological_science_workspace/figures//fig5g_CD69.png  
used on input line 1130.
(pdftex.def)             Requested size: 150.32504pt x 282.97055pt.
<biological_science_workspace/figures//fig5h_IFNg.png, id=349, 321.2pt x 642.4p
t>
File: biological_science_workspace/figures//fig5h_IFNg.png Graphic file (type p
ng)
<use biological_science_workspace/figures//fig5h_IFNg.png>
Package pdftex.def Info: biological_science_workspace/figures//fig5h_IFNg.png  
used on input line 1131.
(pdftex.def)             Requested size: 150.32504pt x 300.65375pt.
<biological_science_workspace/figures//fig5i_killing.png, id=350, 381.425pt x 6
42.4pt>
File: biological_science_workspace/figures//fig5i_killing.png Graphic file (typ
e png)
<use biological_science_workspace/figures//fig5i_killing.png>
Package pdftex.def Info: biological_science_workspace/figures//fig5i_killing.pn
g  used on input line 1132.
(pdftex.def)             Requested size: 150.32504pt x 253.17178pt.
 [29pdfTeX warning (ext4): destination with the same identifier (name{figure.17
}) has been already used, duplicate ignored
<argument> ...shipout:D \box_use:N \l_shipout_box 
                                                  \__shipout_drop_firstpage_...
l.1135 
       pdfTeX warning (ext4): destination with the same identifier (name{figure
.18}) has been already used, duplicate ignored
<argument> ...shipout:D \box_use:N \l_shipout_box 
                                                  \__shipout_drop_firstpage_...
l.1135 
        <./biological_science_workspace/figures/extended_data//fig17_treg_vs_su
rvival.png> <./biological_science_workspace/figures/extended_data//fig18_rare_t
argets_dispersion.png>]
<biological_science_workspace/figures/extended_data//fig12_supplementary_metric
s_harmony.png, id=359, 1300.86pt x 1011.78pt>
File: biological_science_workspace/figures/extended_data//fig12_supplementary_m
etrics_harmony.png Graphic file (type png)
<use biological_science_workspace/figures/extended_data//fig12_supplementary_me
trics_harmony.png>
Package pdftex.def Info: biological_science_workspace/figures/extended_data//fi
g12_supplementary_metrics_harmony.png  used on input line 1138.
(pdftex.def)             Requested size: 399.29463pt x 310.56085pt.
 [30pdfTeX warning (ext4): destination with the same identifier (name{figure.19
}) has been already used, duplicate ignored
<argument> ...shipout:D \box_use:N \l_shipout_box 
                                                  \__shipout_drop_firstpage_...
l.1141 
        <./biological_science_workspace/figures//fig5g_CD69.png (PNG copy)> <./
biological_science_workspace/figures//fig5h_IFNg.png (PNG copy)> <./biological_
science_workspace/figures//fig5i_killing.png (PNG copy)>]
<biological_science_workspace/figures/extended_data//fig2_pdc_distribution.png,
 id=365, 1156.32pt x 433.62pt>
File: biological_science_workspace/figures/extended_data//fig2_pdc_distribution
.png Graphic file (type png)
<use biological_science_workspace/figures/extended_data//fig2_pdc_distribution.
png>
Package pdftex.def Info: biological_science_workspace/figures/extended_data//fi
g2_pdc_distribution.png  used on input line 1144.
(pdftex.def)             Requested size: 399.29463pt x 149.73138pt.
<biological_science_workspace/figures/extended_data//fig7_nkcell_subclusters.pn
g, id=366, 1726.7712pt x 497.2176pt>
File: biological_science_workspace/figures/extended_data//fig7_nkcell_subcluste
rs.png Graphic file (type png)
<use biological_science_workspace/figures/extended_data//fig7_nkcell_subcluster
s.png>
Package pdftex.def Info: biological_science_workspace/figures/extended_data//fi
g7_nkcell_subclusters.png  used on input line 1150.
(pdftex.def)             Requested size: 399.29463pt x 114.97218pt.
 [31pdfTeX warning (ext4): destination with the same identifier (name{figure.20
}) has been already used, duplicate ignored
<argument> ...shipout:D \box_use:N \l_shipout_box 
                                                  \__shipout_drop_firstpage_...
l.1153 
       pdfTeX warning (ext4): destination with the same identifier (name{figure
.21}) has been already used, duplicate ignored
<argument> ...shipout:D \box_use:N \l_shipout_box 
                                                  \__shipout_drop_firstpage_...
l.1153 
        <./biological_science_workspace/figures/extended_data//fig12_supplement
ary_metrics_harmony.png> <./biological_science_workspace/figures/extended_data/
/fig2_pdc_distribution.png>]

Package natbib Warning: There were undefined citations.

[32pdfTeX warning (ext4): destination with the same identifier (name{figure.22}
) has been already used, duplicate ignored
<argument> ...shipout:D \box_use:N \l_shipout_box 
                                                  \__shipout_drop_firstpage_...
l.1154 \end{document}
                      <./biological_science_workspace/figures/extended_data//fi
g7_nkcell_subclusters.png>] (./supplementary_materials_v2.aux)
Package rerunfilecheck Info: File `supplementary_materials_v2.out' has not chan
ged.
(rerunfilecheck)             Checksum: 5E7B7DD7381C5E9B6263230B91B1BD25;5045.
 ) 
Here is how much of TeX's memory you used:
 11671 strings out of 478287
 189016 string characters out of 5849289
 482693 words of memory out of 5000000
 29584 multiletter control sequences out of 15000+600000
 479945 words of font info for 68 fonts, out of 8000000 for 9000
 1141 hyphenation exceptions out of 8191
 60i,13n,63p,579b,506s stack positions out of 5000i,500n,10000p,200000b,80000s
{/usr/share/texmf/fonts/enc/dvips/cm-super/cm-super-ts1.enc}</usr/share/texli
ve/texmf-dist/fonts/type1/public/amsfonts/cm/cmbx10.pfb></usr/share/texlive/tex
mf-dist/fonts/type1/public/amsfonts/cm/cmbx12.pfb></usr/share/texlive/texmf-dis
t/fonts/type1/public/amsfonts/cm/cmbx7.pfb></usr/share/texlive/texmf-dist/fonts
/type1/public/amsfonts/cm/cmbxti10.pfb></usr/share/texlive/texmf-dist/fonts/typ
e1/public/amsfonts/cm/cmex10.pfb></usr/share/texlive/texmf-dist/fonts/type1/pub
lic/amsfonts/cm/cmmi10.pfb></usr/share/texlive/texmf-dist/fonts/type1/public/am
sfonts/cm/cmmi5.pfb></usr/share/texlive/texmf-dist/fonts/type1/public/amsfonts/
cm/cmmi7.pfb></usr/share/texlive/texmf-dist/fonts/type1/public/amsfonts/cm/cmr1
0.pfb></usr/share/texlive/texmf-dist/fonts/type1/public/amsfonts/cm/cmr12.pfb><
/usr/share/texlive/texmf-dist/fonts/type1/public/amsfonts/cm/cmr5.pfb></usr/sha
re/texlive/texmf-dist/fonts/type1/public/amsfonts/cm/cmr7.pfb></usr/share/texli
ve/texmf-dist/fonts/type1/public/amsfonts/cm/cmss8.pfb></usr/share/texlive/texm
f-dist/fonts/type1/public/amsfonts/cm/cmsy10.pfb></usr/share/texlive/texmf-dist
/fonts/type1/public/amsfonts/cm/cmsy5.pfb></usr/share/texlive/texmf-dist/fonts/
type1/public/amsfonts/cm/cmsy7.pfb></usr/share/texlive/texmf-dist/fonts/type1/p
ublic/amsfonts/cm/cmti10.pfb></usr/share/texlive/texmf-dist/fonts/type1/public/
amsfonts/cm/cmtt10.pfb></usr/share/texlive/texmf-dist/fonts/type1/public/amsfon
ts/symbols/msbm10.pfb></usr/share/texmf/fonts/type1/public/cm-super/sfrm1000.pf
b>
Output written on supplementary_materials_v2.pdf (32 pages, 8809930 bytes).
PDF statistics:
 494 PDF objects out of 1000 (max. 8388607)
 371 compressed objects within 4 object streams
 119 named destinations out of 1000 (max. 500000)
 297 words of extra memory for PDF output out of 10000 (max. 10000000)

